Added Component: Designator=*(Motor)
Added Component: Designator=*(Motor)
Added Component: Designator=*(L293D)
Added Pin To Net: NetName=GND Pin=*-4
Added Pin To Net: NetName=GND Pin=*-5
Added Pin To Net: NetName=GND Pin=*-12
Added Pin To Net: NetName=GND Pin=*-13
Added Net: Name=GND
Added Pin To Net: NetName=Net*_1 Pin=*-1
Added Pin To Net: NetName=Net*_1 Pin=*-9
Added Pin To Net: NetName=Net*_1 Pin=*-16
Added Net: Name=Net*_1
Added Pin To Net: NetName=Net*_3 Pin=*-3
Added Net: Name=Net*_3
Added Pin To Net: NetName=Net*_6 Pin=*-6
Added Net: Name=Net*_6
Added Pin To Net: NetName=Net*_11 Pin=*-11
Added Net: Name=Net*_11
Added Pin To Net: NetName=Net*_14 Pin=*-14
Added Net: Name=Net*_14
Added Member To Class: ClassName=Sheet1 Member=Component * Motor
Added Member To Class: ClassName=Sheet1 Member=Component * Motor2
Added Member To Class: ClassName=Sheet1 Member=Component * L293D
Add Class Member: Failed to add class member : Component V? DC 5
