Added Component: Designator=c1(Capacitor0602)
Added Component: Designator=c2(Capacitor0602)
Added Component: Designator=c3(Capacitor0602)
Added Component: Designator=m(Motor)
Added Component: Designator=r(Resistor0603)
Added Component: Designator=U?(DRV8874)
Add component (AddParameter): Name = "Manufacturer"; Value = "Texas Instruments"; VariantName = "[No Variations]"
Add component (AddParameter): Name = "Supplier"; Value = "LCSC"; VariantName = "[No Variations]"
Add Pin To Net: Unknown Pin: Pin c1-24
Add Pin To Net: Unknown Pin: Pin c1-25
Add Pin To Net: Unknown Pin: Pin c2-24
Added Pin To Net: NetName=GND Pin=r-2
Added Pin To Net: NetName=+5 Pin=U?-5
Added Pin To Net: NetName=GND Pin=U?-7
Added Pin To Net: NetName=GND Pin=U?-9
Added Pin To Net: NetName=VM Pin=U?-11
Added Pin To Net: NetName=GND Pin=U?-15
Added Pin To Net: NetName=NetU?_16 Pin=U?-16
Added Pin To Net: NetName=GND Pin=U?-17
Added Pin To Net: NetName=Netc2_25 Pin=U?-12
Added Net: Name=Netc2_25
Added Pin To Net: NetName=Netc3_30 Pin=U?-13
Added Net: Name=Netc3_30
Added Pin To Net: NetName=Netc3_31 Pin=U?-14
Added Net: Name=Netc3_31
Added Pin To Net: NetName=Netr_1 Pin=r-1
Added Pin To Net: NetName=Netr_1 Pin=U?-6
Added Net: Name=Netr_1
